# JRE version: OpenJDK Runtime Environment Temurin-17.0.3+7 (17.0.3+7) (build 17.0.3+7)
# Java VM: OpenJDK 64-Bit Server VM Temurin-17.0.3+7 (17.0.3+7, mixed mode, sharing, tiered, compressed oops, compressed class ptrs, g1 gc, windows-amd64)
GC Precious Log:
 CPUs: 16 total, 16 available
 Memory: 15774M
 Large Page Support: Disabled
 NUMA Support: Disabled
 Compressed Oops: Enabled (Zero based)
 Heap Region Size: 2M
 Heap Min Capacity: 512M
 Heap Initial Capacity: 512M
 Heap Max Capacity: 4072M
 Pre-touch: Disabled
 Parallel Workers: 13
 Concurrent Workers: 3
 Concurrent Refinement Workers: 13
 Periodic GC: Disabled
 String Deduplication is enabled
Heap:
 garbage-first heap   total 524288K, used 251663K [0x0000000701800000, 0x0000000800000000)
  region size 2048K, 26 young (53248K), 3 survivors (6144K)
 Metaspace       used 100479K, committed 101248K, reserved 1138688K
  class space    used 15067K, committed 15424K, reserved 1048576K
GC Heap History (20 events):
Event: 952.575 GC heap before
{Heap before GC invocations=111 (full 6):
 garbage-first heap   total 524288K, used 272649K [0x0000000701800000, 0x0000000800000000)
  region size 2048K, 40 young (81920K), 4 survivors (8192K)
 Metaspace       used 99866K, committed 100608K, reserved 1138688K
  class space    used 14995K, committed 15360K, reserved 1048576K
}
Event: 952.578 GC heap after
{Heap after GC invocations=112 (full 6):
 garbage-first heap   total 524288K, used 199776K [0x0000000701800000, 0x0000000800000000)
  region size 2048K, 1 young (2048K), 1 survivors (2048K)
 Metaspace       used 99866K, committed 100608K, reserved 1138688K
  class space    used 14995K, committed 15360K, reserved 1048576K
}
Event: 953.737 GC heap before
{Heap before GC invocations=112 (full 6):
 garbage-first heap   total 524288K, used 279648K [0x0000000701800000, 0x0000000800000000)
  region size 2048K, 40 young (81920K), 1 survivors (2048K)
 Metaspace       used 99871K, committed 100608K, reserved 1138688K
  class space    used 14996K, committed 15360K, reserved 1048576K
}
Event: 953.740 GC heap after
{Heap after GC invocations=113 (full 6):
 garbage-first heap   total 524288K, used 199819K [0x0000000701800000, 0x0000000800000000)
  region size 2048K, 1 young (2048K), 1 survivors (2048K)
 Metaspace       used 99871K, committed 100608K, reserved 1138688K
  class space    used 14996K, committed 15360K, reserved 1048576K
}
Event: 953.924 GC heap before
{Heap before GC invocations=113 (full 6):
 garbage-first heap   total 524288K, used 279691K [0x0000000701800000, 0x0000000800000000)
  region size 2048K, 40 young (81920K), 1 survivors (2048K)
 Metaspace       used 99893K, committed 100672K, reserved 1138688K
  class space    used 14996K, committed 15360K, reserved 1048576K
}
Event: 953.926 GC heap after
{Heap after GC invocations=114 (full 6):
 garbage-first heap   total 524288K, used 200722K [0x0000000701800000, 0x0000000800000000)
  region size 2048K, 2 young (4096K), 2 survivors (4096K)
 Metaspace       used 99893K, committed 100672K, reserved 1138688K
  class space    used 14996K, committed 15360K, reserved 1048576K
}
Event: 953.985 GC heap before
{Heap before GC invocations=114 (full 6):
 garbage-first heap   total 524288K, used 258066K [0x0000000701800000, 0x0000000800000000)
  region size 2048K, 31 young (63488K), 2 survivors (4096K)
 Metaspace       used 99896K, committed 100672K, reserved 1138688K
  class space    used 14996K, committed 15360K, reserved 1048576K
}
Event: 953.987 GC heap after
{Heap after GC invocations=115 (full 6):
 garbage-first heap   total 524288K, used 200039K [0x0000000701800000, 0x0000000800000000)
  region size 2048K, 1 young (2048K), 1 survivors (2048K)
 Metaspace       used 99896K, committed 100672K, reserved 1138688K
  class space    used 14996K, committed 15360K, reserved 1048576K
}
Event: 954.794 GC heap before
{Heap before GC invocations=115 (full 6):
 garbage-first heap   total 524288K, used 310631K [0x0000000701800000, 0x0000000800000000)
  region size 2048K, 40 young (81920K), 1 survivors (2048K)
 Metaspace       used 99943K, committed 100800K, reserved 1138688K
  class space    used 15012K, committed 15424K, reserved 1048576K
}
Event: 954.798 GC heap after
{Heap after GC invocations=116 (full 6):
 garbage-first heap   total 524288K, used 236088K [0x0000000701800000, 0x0000000800000000)
  region size 2048K, 4 young (8192K), 4 survivors (8192K)
 Metaspace       used 99943K, committed 100800K, reserved 1138688K
  class space    used 15012K, committed 15424K, reserved 1048576K
}
Event: 957.767 GC heap before
{Heap before GC invocations=116 (full 6):
 garbage-first heap   total 524288K, used 309816K [0x0000000701800000, 0x0000000800000000)
  region size 2048K, 40 young (81920K), 4 survivors (8192K)
 Metaspace       used 99958K, committed 100800K, reserved 1138688K
  class space    used 15012K, committed 15424K, reserved 1048576K
}
Event: 957.771 GC heap after
{Heap after GC invocations=117 (full 6):
 garbage-first heap   total 524288K, used 236940K [0x0000000701800000, 0x0000000800000000)
  region size 2048K, 1 young (2048K), 1 survivors (2048K)
 Metaspace       used 99958K, committed 100800K, reserved 1138688K
  class space    used 15012K, committed 15424K, reserved 1048576K
}
Event: 964.459 GC heap before
{Heap before GC invocations=118 (full 6):
 garbage-first heap   total 524288K, used 286092K [0x0000000701800000, 0x0000000800000000)
  region size 2048K, 40 young (81920K), 1 survivors (2048K)
 Metaspace       used 100104K, committed 100864K, reserved 1138688K
  class space    used 15017K, committed 15424K, reserved 1048576K
}
Event: 964.463 GC heap after
{Heap after GC invocations=119 (full 6):
 garbage-first heap   total 524288K, used 207388K [0x0000000701800000, 0x0000000800000000)
  region size 2048K, 2 young (4096K), 2 survivors (4096K)
 Metaspace       used 100104K, committed 100864K, reserved 1138688K
  class space    used 15017K, committed 15424K, reserved 1048576K
}
Event: 966.569 GC heap before
{Heap before GC invocations=119 (full 6):
 garbage-first heap   total 524288K, used 285212K [0x0000000701800000, 0x0000000800000000)
  region size 2048K, 40 young (81920K), 2 survivors (4096K)
 Metaspace       used 100128K, committed 100928K, reserved 1138688K
  class space    used 15017K, committed 15424K, reserved 1048576K
}
Event: 966.571 GC heap after
{Heap after GC invocations=120 (full 6):
 garbage-first heap   total 524288K, used 206940K [0x0000000701800000, 0x0000000800000000)
  region size 2048K, 2 young (4096K), 2 survivors (4096K)
 Metaspace       used 100128K, committed 100928K, reserved 1138688K
  class space    used 15017K, committed 15424K, reserved 1048576K
}
Event: 969.190 GC heap before
{Heap before GC invocations=120 (full 6):
 garbage-first heap   total 524288K, used 284764K [0x0000000701800000, 0x0000000800000000)
  region size 2048K, 40 young (81920K), 2 survivors (4096K)
 Metaspace       used 100160K, committed 100992K, reserved 1138688K
  class space    used 15017K, committed 15424K, reserved 1048576K
}
Event: 969.192 GC heap after
{Heap after GC invocations=121 (full 6):
 garbage-first heap   total 524288K, used 205792K [0x0000000701800000, 0x0000000800000000)
  region size 2048K, 2 young (4096K), 2 survivors (4096K)
 Metaspace       used 100160K, committed 100992K, reserved 1138688K
  class space    used 15017K, committed 15424K, reserved 1048576K
}
Event: 972.871 GC heap before
{Heap before GC invocations=121 (full 6):
 garbage-first heap   total 524288K, used 283616K [0x0000000701800000, 0x0000000800000000)
  region size 2048K, 40 young (81920K), 2 survivors (4096K)
 Metaspace       used 100462K, committed 101184K, reserved 1138688K
  class space    used 15067K, committed 15424K, reserved 1048576K
}
Event: 972.875 GC heap after
{Heap after GC invocations=122 (full 6):
 garbage-first heap   total 524288K, used 206607K [0x0000000701800000, 0x0000000800000000)
  region size 2048K, 3 young (6144K), 3 survivors (6144K)
 Metaspace       used 100462K, committed 101184K, reserved 1138688K
  class space    used 15067K, committed 15424K, reserved 1048576K
}

